[    0.000000] Initializing cgroup subsys cpuset
[    0.000000] Initializing cgroup subsys cpu
[    0.000000] Initializing cgroup subsys cpuacct
[    0.000000] Linux version 4.4.0-89-generic (buildd@lgw01-18) (gcc version 5.4.0 20160609 (Ubuntu 5.4.0-6ubuntu1~16.04.4) ) #112-Ubuntu SMP Mon Jul 31 19:38:41 UTC 2017 (Ubuntu 4.4.0-89.112-generic 4.4.76)
[    0.000000] Command line: BOOT_IMAGE=/boot/vmlinuz-4.4.0-89-generic root=LABEL=cloudimg-rootfs ro console=tty1 console=ttyS0
[    0.000000] KERNEL supported cpus:
[    0.000000]   Intel GenuineIntel
[    0.000000]   AMD AuthenticAMD
[    0.000000]   Centaur CentaurHauls
[    0.000000] x86/fpu: xstate_offset[2]:  576, xstate_sizes[2]:  256
[    0.000000] x86/fpu: Supporting XSAVE feature 0x01: 'x87 floating point registers'
[    0.000000] x86/fpu: Supporting XSAVE feature 0x02: 'SSE registers'
[    0.000000] x86/fpu: Supporting XSAVE feature 0x04: 'AVX registers'
[    0.000000] x86/fpu: Enabled xstate features 0x7, context size is 832 bytes, using 'standard' format.
[    0.000000] x86/fpu: Using 'lazy' FPU context switches.
[    0.000000] e820: BIOS-provided physical RAM map:
[    0.000000] BIOS-e820: [mem 0x0000000000000000-0x000000000009fbff] usable
[    0.000000] BIOS-e820: [mem 0x000000000009fc00-0x000000000009ffff] reserved
[    0.000000] BIOS-e820: [mem 0x00000000000f0000-0x00000000000fffff] reserved
[    0.000000] BIOS-e820: [mem 0x0000000000100000-0x000000003ffeffff] usable
[    0.000000] BIOS-e820: [mem 0x000000003fff0000-0x000000003fffffff] ACPI data
[    0.000000] BIOS-e820: [mem 0x00000000fec00000-0x00000000fec00fff] reserved
[    0.000000] BIOS-e820: [mem 0x00000000fee00000-0x00000000fee00fff] reserved
[    0.000000] BIOS-e820: [mem 0x00000000fffc0000-0x00000000ffffffff] reserved
[    0.000000] NX (Execute Disable) protection: active
[    0.000000] SMBIOS 2.5 present.
[    0.000000] Hypervisor detected: KVM
[    0.000000] e820: last_pfn = 0x3fff0 max_arch_pfn = 0x400000000
[    0.000000] MTRR: Disabled
[    0.000000] x86/PAT: MTRRs disabled, skipping PAT initialization too.
[    0.000000] x86/PAT: Configuration [0-7]: WB  WT  UC- UC  WB  WT  UC- UC  
[    0.000000] CPU MTRRs all blank - virtualized system.
[    0.000000] found SMP MP-table at [mem 0x0009fff0-0x0009ffff] mapped at [ffff88000009fff0]
[    0.000000] Scanning 1 areas for low memory corruption
[    0.000000] RAMDISK: [mem 0x36ac4000-0x37559fff]
[    0.000000] ACPI: Early table checksum verification disabled
[    0.000000] ACPI: RSDP 0x00000000000E0000 000024 (v02 VBOX  )
[    0.000000] ACPI: XSDT 0x000000003FFF0030 00003C (v01 VBOX   VBOXXSDT 00000001 ASL  00000061)
[    0.000000] ACPI: FACP 0x000000003FFF00F0 0000F4 (v04 VBOX   VBOXFACP 00000001 ASL  00000061)
[    0.000000] ACPI: DSDT 0x000000003FFF0470 0021C8 (v02 VBOX   VBOXBIOS 00000002 INTL 20100528)
[    0.000000] ACPI: FACS 0x000000003FFF0200 000040
[    0.000000] ACPI: FACS 0x000000003FFF0200 000040
[    0.000000] ACPI: APIC 0x000000003FFF0240 00005C (v02 VBOX   VBOXAPIC 00000001 ASL  00000061)
[    0.000000] ACPI: SSDT 0x000000003FFF02A0 0001CC (v01 VBOX   VBOXCPUT 00000002 INTL 20100528)
[    0.000000] No NUMA configuration found
[    0.000000] Faking a node at [mem 0x0000000000000000-0x000000003ffeffff]
[    0.000000] NODE_DATA(0) allocated [mem 0x3ffeb000-0x3ffeffff]
[    0.000000] kvm-clock: Using msrs 4b564d01 and 4b564d00
[    0.000000] kvm-clock: cpu 0, msr 0:3ffe3001, primary cpu clock
[    0.000000] kvm-clock: using sched offset of 4810558004 cycles
[    0.000000] clocksource: kvm-clock: mask: 0xffffffffffffffff max_cycles: 0x1cd42e4dffb, max_idle_ns: 881590591483 ns
[    0.000000] Zone ranges:
[    0.000000]   DMA      [mem 0x0000000000001000-0x0000000000ffffff]
[    0.000000]   DMA32    [mem 0x0000000001000000-0x000000003ffeffff]
[    0.000000]   Normal   empty
[    0.000000]   Device   empty
[    0.000000] Movable zone start for each node
[    0.000000] Early memory node ranges
[    0.000000]   node   0: [mem 0x0000000000001000-0x000000000009efff]
[    0.000000]   node   0: [mem 0x0000000000100000-0x000000003ffeffff]
[    0.000000] Initmem setup node 0 [mem 0x0000000000001000-0x000000003ffeffff]
[    0.000000] ACPI: PM-Timer IO Port: 0x4008
[    0.000000] IOAPIC[0]: apic_id 2, version 32, address 0xfec00000, GSI 0-23
[    0.000000] ACPI: INT_SRC_OVR (bus 0 bus_irq 0 global_irq 2 dfl dfl)
[    0.000000] ACPI: INT_SRC_OVR (bus 0 bus_irq 9 global_irq 9 high level)
[    0.000000] Using ACPI (MADT) for SMP configuration information
[    0.000000] smpboot: Allowing 2 CPUs, 0 hotplug CPUs
[    0.000000] PM: Registered nosave memory: [mem 0x00000000-0x00000fff]
[    0.000000] PM: Registered nosave memory: [mem 0x0009f000-0x0009ffff]
[    0.000000] PM: Registered nosave memory: [mem 0x000a0000-0x000effff]
[    0.000000] PM: Registered nosave memory: [mem 0x000f0000-0x000fffff]
[    0.000000] e820: [mem 0x40000000-0xfebfffff] available for PCI devices
[    0.000000] Booting paravirtualized kernel on KVM
[    0.000000] clocksource: refined-jiffies: mask: 0xffffffff max_cycles: 0xffffffff, max_idle_ns: 7645519600211568 ns
[    0.000000] setup_percpu: NR_CPUS:512 nr_cpumask_bits:512 nr_cpu_ids:2 nr_node_ids:1
[    0.000000] PERCPU: Embedded 33 pages/cpu @ffff88003fc00000 s98264 r8192 d28712 u1048576
[    0.000000] PV qspinlock hash table entries: 256 (order: 0, 4096 bytes)
[    0.000000] Built 1 zonelists in Node order, mobility grouping on.  Total pages: 257913
[    0.000000] Policy zone: DMA32
[    0.000000] Kernel command line: BOOT_IMAGE=/boot/vmlinuz-4.4.0-89-generic root=LABEL=cloudimg-rootfs ro console=tty1 console=ttyS0
[    0.000000] PID hash table entries: 4096 (order: 3, 32768 bytes)
[    0.000000] Memory: 1001736K/1048120K available (8474K kernel code, 1294K rwdata, 3984K rodata, 1488K init, 1316K bss, 46384K reserved, 0K cma-reserved)
[    0.000000] SLUB: HWalign=64, Order=0-3, MinObjects=0, CPUs=2, Nodes=1
[    0.000000] Hierarchical RCU implementation.
[    0.000000] 	Build-time adjustment of leaf fanout to 64.
[    0.000000] 	RCU restricting CPUs from NR_CPUS=512 to nr_cpu_ids=2.
[    0.000000] RCU: Adjusting geometry for rcu_fanout_leaf=64, nr_cpu_ids=2
[    0.000000] NR_IRQS:33024 nr_irqs:440 16
[    0.000000] Console: colour VGA+ 80x25
[    0.000000] console [tty1] enabled
[    0.000000] console [ttyS0] enabled
[    0.000000] tsc: Detected 1599.999 MHz processor
[    1.998233] Calibrating delay loop (skipped) preset value.. 3199.99 BogoMIPS (lpj=6399996)
[    2.013138] pid_max: default: 32768 minimum: 301
[    2.014472] ACPI: Core revision 20150930
[    2.043162] ACPI: 2 ACPI AML tables successfully acquired and loaded
[    2.119857] Security Framework initialized
[    2.127590] Yama: becoming mindful.
[    2.128963] AppArmor: AppArmor initialized
[    2.130342] Dentry cache hash table entries: 131072 (order: 8, 1048576 bytes)
[    2.132356] Inode-cache hash table entries: 65536 (order: 7, 524288 bytes)
[    2.151719] Mount-cache hash table entries: 2048 (order: 2, 16384 bytes)
[    2.171595] Mountpoint-cache hash table entries: 2048 (order: 2, 16384 bytes)
[    2.207080] Initializing cgroup subsys io
[    2.220122] Initializing cgroup subsys memory
[    2.231705] Initializing cgroup subsys devices
[    2.243355] Initializing cgroup subsys freezer
[    2.245332] Initializing cgroup subsys net_cls
[    2.249875] Initializing cgroup subsys perf_event
[    2.251796] Initializing cgroup subsys net_prio
[    2.261508] Initializing cgroup subsys hugetlb
[    2.263069] Initializing cgroup subsys pids
[    2.264869] CPU: Physical Processor ID: 0
[    2.270771] CPU: Processor Core ID: 0
[    2.278242] mce: CPU supports 0 MCE banks
[    2.297381] Last level iTLB entries: 4KB 64, 2MB 8, 4MB 8
[    2.302194] Last level dTLB entries: 4KB 64, 2MB 0, 4MB 0, 1GB 4
[    2.310788] Freeing SMP alternatives memory: 32K (ffffffff820b9000 - ffffffff820c1000)
[    2.352056] ftrace: allocating 32131 entries in 126 pages
[    2.437085] smpboot: APIC(0) Converting physical 0 to logical package 0
[    2.445548] smpboot: Max logical packages: 1
[    2.447181] x2apic enabled
[    2.449577] Switched APIC routing to physical x2apic.
[    2.454022] ..TIMER: vector=0x30 apic1=0 pin1=2 apic2=-1 pin2=-1
[    2.564296] smpboot: CPU0: Intel(R) Core(TM) i5-5250U CPU @ 1.60GHz (family: 0x6, model: 0x3d, stepping: 0x4)
[    2.574648] Performance Events: unsupported p6 CPU model 61 no PMU driver, software events only.
[    2.583762] KVM setup paravirtual spinlock
[    2.589751] x86: Booting SMP configuration:
[    2.614992] .... node  #0, CPUs:      #1
[    2.621344] kvm-clock: cpu 1, msr 0:3ffe3041, secondary cpu clock
[    2.669683] mce: CPU supports 0 MCE banks
[    2.679754] x86: Booted up 1 node, 2 CPUs
[    2.757609] smpboot: Total of 2 processors activated (6399.99 BogoMIPS)
[    2.771494] devtmpfs: initialized
[    2.789985] evm: security.selinux
[    2.794875] evm: security.SMACK64
[    2.801592] evm: security.SMACK64EXEC
[    2.805096] evm: security.SMACK64TRANSMUTE
[    2.866480] evm: security.SMACK64MMAP
[    2.953518] evm: security.ima
[    3.005745] evm: security.capability
[    3.011920] clocksource: jiffies: mask: 0xffffffff max_cycles: 0xffffffff, max_idle_ns: 7645041785100000 ns
[    3.016071] futex hash table entries: 512 (order: 3, 32768 bytes)
[    3.018740] pinctrl core: initialized pinctrl subsystem
[    3.045096] RTC time: 14:33:04, date: 08/09/17
[    3.062496] NET: Registered protocol family 16
[    3.076017] cpuidle: using governor ladder
[    3.092034] cpuidle: using governor menu
[    3.095208] PCCT header not found.
[    3.103921] ACPI: bus type PCI registered
[    3.112286] acpiphp: ACPI Hot Plug PCI Controller Driver version: 0.5
[    3.117656] PCI: Using configuration type 1 for base access
[    3.142806] ACPI: Added _OSI(Module Device)
[    3.151938] ACPI: Added _OSI(Processor Device)
[    3.160369] ACPI: Added _OSI(3.0 _SCP Extensions)
[    3.171882] ACPI: Added _OSI(Processor Aggregator Device)
[    3.184503] ACPI: Executed 1 blocks of module-level executable AML code
[    3.198452] ACPI: Interpreter enabled
[    3.199781] ACPI: (supports S0 S5)
[    3.210315] ACPI: Using IOAPIC for interrupt routing
[    3.212854] PCI: Using host bridge windows from ACPI; if necessary, use "pci=nocrs" and report a bug
[    3.224982] ACPI: PCI Root Bridge [PCI0] (domain 0000 [bus 00-ff])
[    3.232479] acpi PNP0A03:00: _OSC: OS supports [ASPM ClockPM Segments MSI]
[    3.250830] acpi PNP0A03:00: _OSC failed (AE_NOT_FOUND); disabling ASPM
[    3.379211] acpi PNP0A03:00: fail to add MMCONFIG information, can't access extended PCI configuration space under this bridge.
[    3.396967] PCI host bridge to bus 0000:00
[    3.399393] pci_bus 0000:00: root bus resource [io  0x0000-0x0cf7 window]
[    3.401711] pci_bus 0000:00: root bus resource [io  0x0d00-0xffff window]
[    3.405754] pci_bus 0000:00: root bus resource [mem 0x000a0000-0x000bffff window]
[    3.429176] pci_bus 0000:00: root bus resource [mem 0x40000000-0xffdfffff window]
[    3.446147] pci_bus 0000:00: root bus resource [bus 00-ff]
[    3.450301] pci 0000:00:01.1: legacy IDE quirk: reg 0x10: [io  0x01f0-0x01f7]
[    3.454034] pci 0000:00:01.1: legacy IDE quirk: reg 0x14: [io  0x03f6]
[    3.479199] pci 0000:00:01.1: legacy IDE quirk: reg 0x18: [io  0x0170-0x0177]
[    3.489222] pci 0000:00:01.1: legacy IDE quirk: reg 0x1c: [io  0x0376]
[    3.533679] pci 0000:00:07.0: quirk: [io  0x4000-0x403f] claimed by PIIX4 ACPI
[    3.556770] pci 0000:00:07.0: quirk: [io  0x4100-0x410f] claimed by PIIX4 SMB
[    3.579752] ACPI: PCI Interrupt Link [LNKA] (IRQs 5 9 10 *11)
[    3.600139] ACPI: PCI Interrupt Link [LNKB] (IRQs 5 9 10 *11)
[    3.614434] ACPI: PCI Interrupt Link [LNKC] (IRQs 5 9 *10 11)
[    3.619917] ACPI: PCI Interrupt Link [LNKD] (IRQs 5 *9 10 11)
[    3.626098] ACPI: Enabled 2 GPEs in block 00 to 07
[    3.636901] vgaarb: setting as boot device: PCI:0000:00:02.0
[    3.646248] vgaarb: device added: PCI:0000:00:02.0,decodes=io+mem,owns=io+mem,locks=none
[    3.659955] vgaarb: loaded
[    3.673622] vgaarb: bridge control possible 0000:00:02.0
[    3.682885] SCSI subsystem initialized
[    3.685642] ACPI: bus type USB registered
[    3.698619] usbcore: registered new interface driver usbfs
[    3.700542] usbcore: registered new interface driver hub
[    3.712880] usbcore: registered new device driver usb
[    3.715953] PCI: Using ACPI for IRQ routing
[    3.720453] NetLabel: Initializing
[    3.729368] NetLabel:  domain hash size = 128
[    3.731153] NetLabel:  protocols = UNLABELED CIPSOv4
[    3.747917] NetLabel:  unlabeled traffic allowed by default
[    3.752518] amd_nb: Cannot enumerate AMD northbridges
[    3.758850] clocksource: Switched to clocksource kvm-clock
[    3.779196] AppArmor: AppArmor Filesystem Enabled
[    3.781430] pnp: PnP ACPI init
[    3.783909] pnp: PnP ACPI: found 3 devices
[    3.803054] clocksource: acpi_pm: mask: 0xffffff max_cycles: 0xffffff, max_idle_ns: 2085701024 ns
[    3.818330] NET: Registered protocol family 2
[    3.824801] TCP established hash table entries: 8192 (order: 4, 65536 bytes)
[    3.832908] TCP bind hash table entries: 8192 (order: 5, 131072 bytes)
[    3.845051] TCP: Hash tables configured (established 8192 bind 8192)
[    3.849898] UDP hash table entries: 512 (order: 2, 16384 bytes)
[    3.865370] UDP-Lite hash table entries: 512 (order: 2, 16384 bytes)
[    3.961013] NET: Registered protocol family 1
[    3.966303] pci 0000:00:00.0: Limiting direct PCI/PCI transfers
[    4.029704] pci 0000:00:01.0: Activating ISA DMA hang workarounds
[    4.042388] Unpacking initramfs...
[    7.637355] Freeing initrd memory: 10840K (ffff880036ac4000 - ffff88003755a000)
[    7.652105] RAPL PMU detected, API unit is 2^-32 Joules, 4 fixed counters 10737418240 ms ovfl timer
[    7.688374] hw unit of domain pp0-core 2^-0 Joules
[    7.766791] hw unit of domain package 2^-0 Joules
[    7.778809] hw unit of domain dram 2^-0 Joules
[    7.786533] hw unit of domain pp1-gpu 2^-0 Joules
[    7.799660] platform rtc_cmos: registered platform RTC device (no PNP device found)
[    7.860792] Scanning for low memory corruption every 60 seconds
[    7.885401] audit: initializing netlink subsys (disabled)
[    7.900892] audit: type=2000 audit(1502289193.401:1): initialized
[    7.913245] Initialise system trusted keyring
[    7.921404] HugeTLB registered 2 MB page size, pre-allocated 0 pages
[    7.929435] zbud: loaded
[    7.944479] VFS: Disk quotas dquot_6.6.0
[    7.963931] VFS: Dquot-cache hash table entries: 512 (order 0, 4096 bytes)
[    7.972914] squashfs: version 4.0 (2009/01/31) Phillip Lougher
[    7.985476] fuse init (API version 7.23)
[    7.999116] Key type big_key registered
[    8.004976] Allocating IMA MOK and blacklist keyrings.
[    8.012477] Key type asymmetric registered
[    8.032706] Asymmetric key parser 'x509' registered
[    8.047243] Block layer SCSI generic (bsg) driver version 0.4 loaded (major 249)
[    8.051461] io scheduler noop registered
[    8.057711] io scheduler deadline registered (default)
[    8.063843] io scheduler cfq registered
[    8.067881] pci_hotplug: PCI Hot Plug PCI Core version: 0.5
[    8.077281] pciehp: PCI Express Hot Plug Controller Driver version: 0.4
[    8.098768] ACPI: AC Adapter [AC] (off-line)
[    8.105493] input: Power Button as /devices/LNXSYSTM:00/LNXPWRBN:00/input/input0
[    8.128455] ACPI: Power Button [PWRF]
[    8.131894] input: Sleep Button as /devices/LNXSYSTM:00/LNXSLPBN:00/input/input1
[    8.170692] ACPI: Sleep Button [SLPF]
[    8.259309] GHES: HEST is not enabled!
[    8.261392] ACPI: Battery Slot [BAT0] (battery present)
[    8.386537] Serial: 8250/16550 driver, 32 ports, IRQ sharing enabled
[    8.470863] 00:02: ttyS0 at I/O 0x3f8 (irq = 4, base_baud = 115200) is a 16550A
[    8.624346] Linux agpgart interface v0.103
[    8.636503] loop: module loaded
[    8.649514] scsi host0: ata_piix
[    8.715485] scsi host1: ata_piix
[    8.721877] ata1: PATA max UDMA/33 cmd 0x1f0 ctl 0x3f6 bmdma 0xd000 irq 14
[    8.767595] ata2: PATA max UDMA/33 cmd 0x170 ctl 0x376 bmdma 0xd008 irq 15
[    8.781205] libphy: Fixed MDIO Bus: probed
[    8.799177] tsc: Refined TSC clocksource calibration: 1600.066 MHz
[    8.799180] clocksource: tsc: mask: 0xffffffffffffffff max_cycles: 0x17106371a14, max_idle_ns: 440795284681 ns
[    8.848805] tun: Universal TUN/TAP device driver, 1.6
[    8.890222] tun: (C) 1999-2004 Max Krasnyansky <maxk@qualcomm.com>
[    8.921426] PPP generic driver version 2.4.2
[    9.017446] ehci_hcd: USB 2.0 'Enhanced' Host Controller (EHCI) Driver
[    9.028334] ehci-pci: EHCI PCI platform driver
[    9.036412] ehci-platform: EHCI generic platform driver
[    9.055767] ohci_hcd: USB 1.1 'Open' Host Controller (OHCI) Driver
[    9.073904] ohci-pci: OHCI PCI platform driver
[    9.086416] ohci-platform: OHCI generic platform driver
[    9.101308] uhci_hcd: USB Universal Host Controller Interface driver
[    9.109130] i8042: PNP: PS/2 Controller [PNP0303:PS2K,PNP0f03:PS2M] at 0x60,0x64 irq 1,12
[    9.148483] serio: i8042 KBD port at 0x60,0x64 irq 1
[    9.161910] serio: i8042 AUX port at 0x60,0x64 irq 12
[    9.181114] mousedev: PS/2 mouse device common for all mice
[    9.259145] input: AT Translated Set 2 keyboard as /devices/platform/i8042/serio0/input/input2
[    9.267601] rtc_cmos rtc_cmos: rtc core: registered rtc_cmos as rtc0
[    9.267703] rtc_cmos rtc_cmos: alarms up to one day, 114 bytes nvram
[    9.267718] i2c /dev entries driver
[    9.267813] device-mapper: uevent: version 1.0.3
[    9.267916] device-mapper: ioctl: 4.34.0-ioctl (2015-10-28) initialised: dm-devel@redhat.com
[    9.267942] ledtrig-cpu: registered to indicate activity on CPUs
[    9.302374] NET: Registered protocol family 10
[    9.302688] NET: Registered protocol family 17
[    9.302706] Key type dns_resolver registered
[    9.310191] microcode: CPU0 sig=0x306d4, pf=0x40, revision=0x0
[    9.310231] microcode: CPU1 sig=0x306d4, pf=0x40, revision=0x0
[    9.310327] microcode: Microcode Update Driver: v2.01 <tigran@aivazian.fsnet.co.uk>, Peter Oruba
[    9.310552] registered taskstats version 1
[    9.310639] Loading compiled-in X.509 certificates
[    9.312381] Loaded X.509 cert 'Build time autogenerated kernel key: 420a71e958a947963108b13c1c2e45412a03ca90'
[    9.312486] zswap: loaded using pool lzo/zbud
[    9.314879] Key type trusted registered
[    9.320057] Key type encrypted registered
[    9.320068] AppArmor: AppArmor sha1 policy hashing enabled
[    9.320073] ima: No TPM chip found, activating TPM-bypass!
[    9.320116] evm: HMAC attrs: 0x1
[    9.326512]   Magic number: 13:202:586
[    9.331491] rtc_cmos rtc_cmos: setting system clock to 2017-08-09 14:33:11 UTC (1502289191)
[    9.331678] BIOS EDD facility v0.16 2004-Jun-25, 0 devices found
[    9.331679] EDD information not available.
[    9.486362] Freeing unused kernel memory: 1488K (ffffffff81f45000 - ffffffff820b9000)
[    9.490671] Write protecting the kernel read-only data: 14336k
[    9.503900] Freeing unused kernel memory: 1752K (ffff88000184a000 - ffff880001a00000)
[    9.620996] Freeing unused kernel memory: 112K (ffff880001de4000 - ffff880001e00000)
Loading, please wait...
starting version 229
[    9.686663] random: systemd-udevd: uninitialized urandom read (16 bytes read, 5 bits of entropy available)
[    9.688364] random: udevadm: uninitialized urandom read (16 bytes read, 5 bits of entropy available)
[    9.688423] random: udevadm: uninitialized urandom read (16 bytes read, 5 bits of entropy available)
[    9.688600] random: udevadm: uninitialized urandom read (16 bytes read, 5 bits of entropy available)
[    9.688668] random: udevadm: uninitialized urandom read (16 bytes read, 5 bits of entropy available)
[    9.688734] random: udevadm: uninitialized urandom read (16 bytes read, 5 bits of entropy available)
[    9.688805] random: udevadm: uninitialized urandom read (16 bytes read, 5 bits of entropy available)
[    9.688887] random: udevadm: uninitialized urandom read (16 bytes read, 5 bits of entropy available)
[    9.688949] random: udevadm: uninitialized urandom read (16 bytes read, 5 bits of entropy available)
[    9.689020] random: udevadm: uninitialized urandom read (16 bytes read, 5 bits of entropy available)
[    9.938209] Fusion MPT base driver 3.04.20
[    9.945989] Copyright (c) 1999-2008 LSI Corporation
[    9.948764] e1000: Intel(R) PRO/1000 Network Driver - version 7.3.21-k8-NAPI
[    9.952825] e1000: Copyright (c) 1999-2006 Intel Corporation.
[    9.977967] Fusion MPT SPI Host driver 3.04.20
[   10.042423] AVX version of gcm_enc/dec engaged.
[   10.047480] AES CTR mode by8 optimization enabled
[   10.153684] input: ImExPS/2 Generic Explorer Mouse as /devices/platform/i8042/serio1/input/input4
[   10.652797] e1000 0000:00:03.0 eth0: (PCI:33MHz:32-bit) 02:c0:e2:3c:71:11
[   10.666806] e1000 0000:00:03.0 eth0: Intel(R) PRO/1000 Network Connection
[   10.681452] mptbase: ioc0: Initiating bringup
[   10.754884] ioc0: LSI53C1030 A0: Capabilities={Initiator}
[   10.932237] scsi host2: ioc0: LSI53C1030 A0, FwRev=00000000h, Ports=1, MaxQ=256, IRQ=20
[   11.067149] scsi 2:0:0:0: Direct-Access     VBOX     HARDDISK         1.0  PQ: 0 ANSI: 5
[   11.183064] scsi target2:0:0: Beginning Domain Validation
[   11.219467] scsi target2:0:0: Domain Validation skipping write tests
[   11.232071] scsi target2:0:0: Ending Domain Validation
[   11.236411] scsi target2:0:0: asynchronous
[   11.248578] scsi 2:0:1:0: Direct-Access     VBOX     HARDDISK         1.0  PQ: 0 ANSI: 5
[   11.251788] scsi target2:0:1: Beginning Domain Validation
[   11.279607] scsi target2:0:1: Domain Validation skipping write tests
[   11.327331] scsi target2:0:1: Ending Domain Validation
[   11.351562] scsi target2:0:1: asynchronous
[   11.419453] sd 2:0:0:0: Attached scsi generic sg0 type 0
[   11.521254] sd 2:0:0:0: [sda] 20971520 512-byte logical blocks: (10.7 GB/10.0 GiB)
[   11.548892] sd 2:0:0:0: [sda] Write Protect is off
[   11.569736] sd 2:0:1:0: Attached scsi generic sg1 type 0
[   11.571917] sd 2:0:1:0: [sdb] 20480 512-byte logical blocks: (10.5 MB/10.0 MiB)
[   11.583417] sd 2:0:1:0: [sdb] Write Protect is off
[   11.583903] sd 2:0:1:0: [sdb] Incomplete mode parameter data
[   11.583919] sd 2:0:1:0: [sdb] Assuming drive cache: write through
[   11.651517] sd 2:0:0:0: [sda] Incomplete mode parameter data
[   11.779138] sd 2:0:0:0: [sda] Assuming drive cache: write through
[   11.815145] sd 2:0:1:0: [sdb] Attached SCSI disk
[   11.820050]  sda: sda1
[   11.870918] sd 2:0:0:0: [sda] Attached SCSI disk
[   12.004891] e1000 0000:00:08.0 eth1: (PCI:33MHz:32-bit) 08:00:27:5a:54:dc
[   12.016133] e1000 0000:00:08.0 eth1: Intel(R) PRO/1000 Network Connection
[   12.048027] e1000 0000:00:08.0 enp0s8: renamed from eth1
[   12.076628] e1000 0000:00:03.0 enp0s3: renamed from eth0
[   12.928333] floppy0: no floppy controllers found
Begin: Loading essential drivers ... [   14.620631] md: linear personality registered for level -1
[   14.653287] md: multipath personality registered for level -4
[   14.680046] md: raid0 personality registered for level 0
[   14.687095] md: raid1 personality registered for level 1
[   14.778724] raid6: sse2x1   gen()  4383 MB/s
[   14.851085] raid6: sse2x1   xor()  3796 MB/s
[   14.922641] raid6: sse2x2   gen()  5884 MB/s
[   15.002806] raid6: sse2x2   xor()  3960 MB/s
[   15.070956] raid6: sse2x4   gen()  6951 MB/s
[   15.150590] raid6: sse2x4   xor()  4415 MB/s
[   15.167222] raid6: using algorithm sse2x4 gen() 6951 MB/s
[   15.178261] raid6: .... xor() 4415 MB/s, rmw enabled
[   15.184954] raid6: using ssse3x2 recovery algorithm
[   15.190897] xor: automatically using best checksumming function:
[   15.250785]    avx       : 15809.000 MB/sec
[   15.254515] async_tx: api initialized (async)
[   15.289132] md: raid6 personality registered for level 6
[   15.301526] md: raid5 personality registered for level 5
[   15.305404] md: raid4 personality registered for level 4
[   15.333959] md: raid10 personality registered for level 10
done.
Begin: Running /scripts/init-premount ... done.
Begin: Mounting root file system ... Begin: Running /scripts/l[   15.398672] Btrfs loaded
ocal-top ... done.
Begin: Running /scripts/local-premount ... S[   15.565064] EXT4-fs (sda1): mounted filesystem with ordered data mode. Opts: (null)
canning for Btrfs filesystems
done.
Warning: fsck not present, so skipping root file system
done.
Begin: Running /scripts/local-bottom ... done.
Begin: Running /scripts/init-bottom ... done.
[   15.913470] systemd[1]: systemd 229 running in system mode. (+PAM +AUDIT +SELINUX +IMA +APPARMOR +SMACK +SYSVINIT +UTMP +LIBCRYPTSETUP +GCRYPT +GNUTLS +ACL +XZ -LZ4 +SECCOMP +BLKID +ELFUTILS +KMOD -IDN)
[   15.935876] systemd[1]: Detected virtualization oracle.
[   15.945962] systemd[1]: Detected architecture x86-64.

Welcome to [1mUbuntu 16.04.3 LTS[0m!

[   15.960780] systemd[1]: Set hostname to <ubuntu>.
[   15.970490] systemd[1]: Initializing machine ID from random generator.
[   15.980318] systemd[1]: Installed transient /etc/machine-id file.
[   16.281049] systemd[1]: Created slice User and Session Slice.
[[0;32m  OK  [0m] Created slice User and Session Slice.
[   16.298898] systemd[1]: Listening on LVM2 poll daemon socket.
[[0;32m  OK  [0m] Listening on LVM2 poll daemon socket.
[   16.355056] systemd[1]: Reached target User and Group Name Lookups.
[[0;32m  OK  [0m] Reached target User and Group Name Lookups.
[   16.428654] systemd[1]: Set up automount Arbitrary Executable File Formats File System Automount Point.
[[0;32m  OK  [0m] Set up automount Arbitrary Executab...ats File System Automount Point.
[   16.530979] systemd[1]: Reached target Swap.
[[0;32m  OK  [0m] Reached target Swap.
[   16.560169] systemd[1]: Listening on Syslog Socket.
[[0;32m  OK  [0m] Listening on Syslog Socket.
[   16.593679] systemd[1]: Listening on udev Kernel Socket.
[[0;32m  OK  [0m] Listening on udev Kernel Socket.
[   16.646290] systemd[1]: Started Trigger resolvconf update for networkd DNS.
[[0;32m  OK  [0m] Started Trigger resolvconf update for networkd DNS.
[   16.667760] systemd[1]: Started Forward Password Requests to Wall Directory Watch.
[[0;32m  OK  [0m] Started Forward Password Requests to Wall Directory Watch.
[   16.704714] systemd[1]: Listening on LVM2 metadata daemon socket.
[[0;32m  OK  [0m] Listening on LVM2 metadata daemon socket.
[   16.779688] systemd[1]: Listening on Journal Audit Socket.
[[0;32m  OK  [0m] Listening on Journal Audit Socket.
[   16.838414] systemd[1]: Listening on Device-mapper event daemon FIFOs.
[[0;32m  OK  [0m] Listening on Device-mapper event daemon FIFOs.
[   16.919252] systemd[1]: Listening on /dev/initctl Compatibility Named Pipe.
[[0;32m  OK  [0m] Listening on /dev/initctl Compatibility Named Pipe.
[   17.063868] systemd[1]: Created slice System Slice.
[[0;32m  OK  [0m] Created slice System Slice.
[   17.118908] systemd[1]: Reached target Slices.
[[0;32m  OK  [0m] Reached target Slices.
[   17.163990] systemd[1]: Created slice system-serial\x2dgetty.slice.
[[0;32m  OK  [0m] Created slice system-serial\x2dgetty.slice.
[   17.200189] systemd[1]: Reached target Encrypted Volumes.
[[0;32m  OK  [0m] Reached target Encrypted Volumes.
[   17.231180] systemd[1]: Listening on Journal Socket.
[[0;32m  OK  [0m] Listening on Journal Socket.
[   17.296125] systemd[1]: Mounting Debug File System...
         Mounting Debug File System...
[   17.345494] systemd[1]: Starting Nameserver information manager...
         Starting Nameserver information manager...
[   17.399581] systemd[1]: Starting Uncomplicated firewall...
[   17.400274] random: nonblocking pool is initialized
         Starting Uncomplicated firewall...
[   17.414593] systemd[1]: Starting Monitoring of LVM2 mirrors, snapshots etc. using dmeventd or progress polling...
         Starting Monitoring of LVM2 mirrors... dmeventd or progress polling...
[   17.454889] systemd[1]: Starting Create list of required static device nodes for the current kernel...
         Starting Create list of required st... nodes for the current kernel...
[   17.500013] systemd[1]: Starting Remount Root and Kernel File Systems...
[   17.506964] EXT4-fs (sda1): re-mounted. Opts: (null)
         Starting Remount Root and Kernel File Systems...
[   17.551039] systemd[1]: Starting Set console keymap...
         Starting Set console keymap...
[   17.595890] systemd[1]: Listening on udev Control Socket.
[[0;32m  OK  [0m] Listening on udev Control Socket.
[   17.646977] systemd[1]: Mounting Huge Pages File System...
         Mounting Huge Pages File System...
[   17.692621] systemd[1]: Mounting POSIX Message Queue File System...
         Mounting POSIX Message Queue File System...
[   17.739861] systemd[1]: Listening on Journal Socket (/dev/log).
[[0;32m  OK  [0m] Listening on Journal Socket (/dev/log).
[   17.763907] systemd[1]: Starting Journal Service...
         Starting Journal Service...
[   17.844351] systemd[1]: Starting Load Kernel Modules...
[   17.868817] Loading iSCSI transport class v2.0-870.
         Startin[   17.880609] iscsi: registered transport (tcp)
g Load Kernel Modules...
[   17.956990] systemd[1]: Mounted POSIX Message Queue File System.
[[0;32m  OK  [0m] Mounted POSIX Message Queue File System.
[   18.180131] systemd[1]: Mounted Huge Pages File System.
[[0;32m  OK  [0m] Mounted Huge Pages File System.
[   18.210590] systemd[1]: Mounted Debug File System.
[   18.227202] iscsi: registered transport (iser)
[[0;32m  OK  [0m] Mounted Debug File System.
[   18.246516] systemd[1]: Started Journal Service.
[[0;32m  OK  [0m] Started Journal Service.
[[0;32m  OK  [0m] Started Uncomplicated firewall.
[[0;32m  OK  [0m] Started Create list of required sta...ce nodes for the current kernel.
[[0;32m  OK  [0m] Started Remount Root and Kernel File Systems.
[[0;32m  OK  [0m] Started Set console keymap.
[[0;32m  OK  [0m] Started Load Kernel Modules.
[[0;32m  OK  [0m] Started Nameserver information manager.
[[0;32m  OK  [0m] Started LVM2 metadata daemon.
         Mounting FUSE Control File System...
         Starting Apply Kernel Variables...
         Starting Initial cloud-init job (pre-networking)...
         Starting Load/Save Random Seed...
         Starting udev Coldplug all Devices...
         Starting Create Static Device Nodes in /dev...
         Starting Flush Journal to Persistent Storage...
[[0;32m  OK  [0m] Mounted FUSE Control File System.
[[0;32m  OK  [0m] Started Apply Kernel Variables.
[[0;32m  OK  [0m] Started Load/Save Random Seed.
[[0;32m  OK  [0m] Started Create Static Device Nodes in /dev.
[[0;32m  OK  [0m] Started udev Coldplug all Devices.
[[0;32m  OK  [0m] Started Flush Journal to Persistent Storage.
         Starting udev Kernel Device Manager...
[[0;32m  OK  [0m] Started Monitoring of LVM2 mirrors,...ng dmeventd or progress polling.
[[0;32m  OK  [0m] Started udev Kernel Device Manager.
[[0;32m  OK  [0m] Started Dispatch Password Requests to Console Directory Watch.
[[0;32m  OK  [0m] Reached target Local File Systems (Pre).
[[0;32m  OK  [0m] Reached target Local File Systems.
         Starting Tell Plymouth To Write Out Runtime Data...
         Starting Create Volatile Files and Directories...
         Starting Set console font and keymap...
         Starting Commit a transient machine-id on disk...
         Starting LSB: AppArmor initialization...
[[0;32m  OK  [0m] Started Tell Plymouth To Write Out Runtime Data.
[[0;32m  OK  [0m] Started Create Volatile Files and Directories.
[[0;32m  OK  [0m] Started Commit a transient machine-id on disk.
         Starting Update UTMP about System Boot/Shutdown...
[[0;32m  OK  [0m] Reached target System Time Synchronized.
[[0;32m  OK  [0m] Found device /dev/ttyS0.
[[0;32m  OK  [0m] Started Update UTMP about System Boot/Shutdown.
[[0;32m  OK  [0m] Listening on Load/Save RF Kill Switch Status /dev/rfkill Watch.
[[0;32m  OK  [0m] Started LSB: AppArmor initialization.
[   19.765524] cloud-init[448]: Cloud-init v. 0.7.9 running 'init-local' at Wed, 09 Aug 2017 14:33:23 +0000. Up 18.69 seconds.
[[0;32m  OK  [0m] Started Initial cloud-init job (pre-networking).
[[0;32m  OK  [0m] Reached target Network (Pre).
         Starting Raise network interfaces...
[[0;32m  OK  [0m] Started Set console font and keymap.
[[0;32m  OK  [0m] Created slice system-getty.slice.
[[0;32m  OK  [0m] Started Raise network interfaces.
[[0;32m  OK  [0m] Reached target Network.
         Starting Initial cloud-init job (metadata service crawler)...
[   23.094522] cloud-init[952]: Cloud-init v. 0.7.9 running 'init' at Wed, 09 Aug 2017 14:33:27 +0000. Up 21.92 seconds.
[   23.185047] cloud-init[952]: ci-info: ++++++++++++++++++++++++++++++++++++++Net device info++++++++++++++++++++++++++++++++++++++
[   23.272944] [cloud-init[0;32m  OK  [0m[952]: ] ci-info: +--------+-------+----------------------------+---------------+-------+-------------------+Started Initial cloud-init job (metadata service crawler).

[   23.274192] cloud-init[952]: ci-info: | Device |   Up  |          Address           |      Mask     | Scope |     Hw-Address    |
[   23.409449] cloud-init[952]: ci-info: +--------+-------+----------------------------+---------------+-------+-------------------+
[[0;32m  OK  [0m] Reached target Network is Online.
[   23.412270] cloud-init[952]: ci-info: | enp0s3 |  True |         10.0.2.15          | 255.255.255.0 |   .   | 02:c0:e2:3c:71:11 |
[   23.442866] cloud-init[952]: ci-info: | enp0s3 |  True | fe80::c0:e2ff:fe3c:7111/64 |       .       |  link | 02:c0:e2:3c:71:11 |
[   23.453220] cloud-init[952]: ci-info: |   lo   |  True |         127.0.0.1          |   255.0.0.0   |   .   |         .         |
[   23.496673] cloud-init[952]: ci-info: |   lo   |  True |          ::1/128           |       .       |  host |         .         |
[   23.497159] cloud-init[952]: ci-info: | enp0s8 | False |             .              |       .       |   .   | 08:00:27:5a:54:dc |
         Starting iSCSI initiator daemon (iscsid)...
[   23.497407] cloud-init[952]: ci-info: +--------+-------+----------------------------+---------------+-------+-------------------+
[   23.523711] cloud-init[952]: ci-info: +++++++++++++++++++++++++++Route IPv4 info++++++++++++++++++++++++++++
[[0;32m  OK  [0m] Reached target System Initialization.
[   23.523911] cloud-init[952]: ci-info: +-------+-------------+----------+---------------+-----------+-------+
[   23.558928] cloud-init[952]: ci-info: | Route | Destination | Gateway  |    Genmask    | Interface | Flags |
[[0;32m  OK  [0m] Started Daily apt download activities.
[   23.559128] cloud-init[952]: ci-info: +-------+-------------+----------+---------------+-----------+-------+
[[   23.578586] cloud-init[952]: ci-info: |   0   |   0.0.0.0   | 10.0.2.2 |    0.0.0.0    |   enp0s3  |   UG  |
[0;32m  OK  [0m] Listening on UUID daemon activation socket.
[   23.579050] cloud-init[952]: ci-info: |   1   |   10.0.2.0  | 0.0.0.0  | 255.255.255.0 |   enp0s3  |   U   |
[   23.642444] cloud-init[952]: ci-info: +-------+-------------+----------+---------------+-----------+-------+
[   23.695850] cloud-init[952]: Generating public/private rsa key pair.
[   23.760666] cloud-init[952]: Your identification has been saved in /etc/ssh/ssh_host_rsa_key.
[   23.824334] cloud-init[952]: Your public key has been saved in /etc/ssh/ssh_host_rsa_key.pub.
         Starting LXD - unix socket.
[   23.846338] cloud-init[952]: The key fingerprint is:
[   23.859643] cloud-init[952]: SHA256:K7nNrIsKfzo85/fxO0g9J1cbQJuizQmi9hXaJk7EacE root@ubuntu-xenial
         Starting Socket activation for snappy daemon.
[   23.859940] cloud-init[952]: The key's randomart image is:
[   23.860007] cloud-init[952]: +---[RSA 2048]----+
[   23.953389] cloud-init[952]: |     ..    ..    |
[[0;32m  OK  [0m] Listening on ACPID Listen Socket.
[[   23.953564] cloud-init[952]: |     .Eo    .o   |
[0;32m  OK  [0m] Started Daily apt upgrade and clean activities.
[   24.119100] cloud-init[952]: |      * o . o.   |
[   24.275495] [[0;32m  OK  [0m] Listening on D-Bus System Message Bus Socket.
cloud-init[952]: |     + + * o  o  |
[   24.389778] cloud-init[952]: |    o + S.+  . o |
[   24.390505] [cloud-init[952]: [0;32m  OK  [0m|   . + =..+ o .  |] 
Started ACPI Events Check.
[   24.391146] cloud-init[952]: |..    =.o. =     |
[[   24.532999] [0;32m  OK  [0mcloud-init] [952]: Reached target Paths.| o+ o..*.o.      |

[   24.533933] cloud-init[952]: |  +Oo.++= oo     |
[   24.595888] [cloud-init[0;32m  OK  [0m[952]: ] +----[SHA256]-----+Started Timer to automatically refresh installed snaps.

[[0;32m  OK  [0m] Started Daily Cleanup of Temporary Directories.
[[0;32m  OK  [0m] [   24.596138] cloud-init[952]: Generating public/private dsa key pair.
[   24.675227] cloud-initReached target Timers.
[952]: Your identification has been saved in /etc/ssh/ssh_host_dsa_key.
[   24.704540] cloud-init[952]: Your public key has been saved in /etc/ssh/ssh_host_dsa_key.pub.
[   24.705535] cloud-init[952]: The key fingerprint is:
[[0;32m  OK  [0m] Reached target Cloud-config availability.
[   24.705759] cloud-init[952]: SHA256:xrAcFQZFLuVwyY3TWSSRK8Ma4iMqPFHAtOht6Ig8rx0 root@ubuntu-xenial
[   24.806733] cloud-init[952]: The key's randomart image is:
[[0;32m  OK  [0m] Listening on LXD - unix socket.
[[   24.808984] cloud-init[952]: +---[DSA 1024]----+
[   24.837479] cloud-init[952]: |o.    o=O*o*o    |
[   24.838447] cloud-init[952]: |.o.    O= =.     |
[   24.838556] cloud-init[952]: |...   +.o. .     |
[   24.838632] cloud-init[952]: |. o....*+ .      |
[   24.838719] cloud-init[952]: | o.+ .ooSo       |
[   24.838798] cloud-init[952]: |=.o o ..         |
[   24.838859] cloud-init[952]: |+=.E .           |
[   24.838922] cloud-init[952]: |oo+ .            |
[   24.838983] cloud-init[952]: |..oo             |
[   24.839043] cloud-init[952]: +----[SHA256]-----+
[   24.839109] cloud-init[952]: Generating public/private ecdsa key pair.
[   24.839170] cloud-init[952]: Your identification has been saved in /etc/ssh/ssh_host_ecdsa_key.
[   24.839236] cloud-init[952]: Your public key has been saved in /etc/ssh/ssh_host_ecdsa_key.pub.
[   24.839483] cloud-init[952]: The key fingerprint is:
[   24.839672] cloud-init[952]: SHA256:kVgrIVIbNpAK9edvp/KIYdtR9cU9CPUoKq/FiYsvgZk root@ubuntu-xenial
[   24.839893] cloud-init[952]: The key's randomart image is:
[   24.839991] cloud-init[952]: +---[ECDSA 256]---+
[   24.840070] cloud-init[952]: | .++* . .  ...   |
[   24.840141] cloud-init[952]: |. .+ = + o  ..+. |
[   24.840199] cloud-init[952]: |..  o + + .. ooo.|
[   24.840261] cloud-init[952]: |.    o . o....  .|
[   24.840329] cloud-init[952]: |    + ..S.  .    |
[0;32m  OK  [0m[   24.840551] ] cloud-initListening on Socket activation for snappy daemon.[952]: 
|   E . o= .      |
[   25.464547] cloud-init[952]: |    o o.o=.      |
[   25.465062] cloud-init[952]: |   . *o++o       |
[[0;32m  OK  [0m] Started iSCSI initiator daemon (iscsid).
[   25.465305] cloud-init[952]: |    o.=*o        |
[   25.533601] cloud-init[952]: +----[SHA256]-----+
[   25.576632] cloud-init[952]: Generating public/private ed25519 key pair.
[   25.577337] cloud-init[952]: Your identification has been saved in /etc/ssh/ssh_host_ed25519_key.
         Starting Login to default iSCSI targets...
[[   25.577518] cloud-init[952]: Your public key has been saved in /etc/ssh/ssh_host_ed25519_key.pub.
[   25.729480] cloud-init[952]: The key fingerprint is:
[0;32m  OK  [0m] Reached target Sockets.
[   25.729822] cloud-init[952]: SHA256:UC+LpoBOcuGcGSPimkwAOcKdapz2oYyP+1rHa0ZawJ8 root@ubuntu-xenial
[[0;32m  OK  [0m] Reached target Basic System.
[   25.805366] cloud-init[952]: The key's randomart image is:
[   25.904989] cloud-init[952]: +--[ED25519 256]--+
[   25.905710] cloud-init[952]: |o.. .   .        |
[[0;32m  OK  [0m] Started Unattended Upgrades Shutdown.
[   25.905859] cloud-init[952]: |=. o   . .       |
[   26.020720] cloud-init[952]: |*o*   . . .      |
[   26.021608] cloud-init[952]: |+@oB   o o       |
[[0;32m  OK  [0m] Started Snappy daemon.
[   26.022709] cloud-init[952]: |B+Xo..o S        |
[   26.089168] cloud-init[952]: |O= +Eo           |
[[0;32m  OK  [0m] Started D-Bus System Message Bus.
[   26.108539] cloud-init[952]: |o=.++            |
[   26.148712] cloud-init[952]: |..o.o.           |
[   26.169342] cloud-init[952]: |o+.o.            |
[   26.180277] cloud-init[952]: +----[SHA256]-----+
         Starting /etc/rc.local Compatibility...
[[0;32m  OK  [0m] Started Deferred execution scheduler.
         Starting System Logging Service...
[[0;32m  OK  [0m] Started FUSE filesystem for LXC.
         Starting Login Service...
         Starting LSB: MD monitoring daemon...
         Starting Auto import assertions from block devices...
         Starting LSB: Record successful boot for GRUB...
         Starting Apply the settings specified in cloud-config...
[[0;32m  OK  [0m] Started Regular background program processing daemon.
[[0;32m  OK  [0m] Started ACPI event daemon.
         Starting Pollinate to seed the pseudo random number generator...
         Starting Accounts Service...
         Starting LXD - container startup/shutdown...
[[0;32m  OK  [0m] Started System Logging Service.
[[0;32m  OK  [0m] Started /etc/rc.local Compatibility.
[[0;32m  OK  [0m] Started Auto import assertions from block devices.
[[0;32m  OK  [0m] Started Login to default iSCSI targets.
[[0;32m  OK  [0m] Started LXD - container startup/shutdown.
[[0;32m  OK  [0m] Started LSB: MD monitoring daemon.
[[0;32m  OK  [0m] Started LSB: Record successful boot for GRUB.
[[0;32m  OK  [0m] Started Login Service.
         Starting Authenticate and Authorize Users to Run Privileged Tasks...
[[0;32m  OK  [0m] Reached target Remote File Systems (Pre).
[[0;32m  OK  [0m] Reached target Remote File Systems.
         Starting Permit User Sessions...
         Starting LSB: Set the CPU Frequency Scaling governor to "ondemand"...
         Starting LSB: automatic crash report generation...
         Starting LSB: daemon to balance interrupts for SMP systems...
         Starting LSB: VirtualBox Linux Additions...
[[0;32m  OK  [0m] Started Permit User Sessions.
[[0;32m  OK  [0m] Started Authenticate and Authorize Users to Run Privileged Tasks.
[[0;32m  OK  [0m] Started Accounts Service.
[[0;32m  OK  [0m] Started LSB: Set the CPU Frequency Scaling governor to "ondemand".
         Starting Hold until boot process finishes up...
         Starting Terminate Plymouth Boot Screen...
[[0;32m  OK  [0m] Started LSB: automatic crash report generation.
[[0;32m  OK  [0m] Started LSB: daemon to balance interrupts for SMP systems.
[[0;32m  OK  [0m] Started Hold until boot process finishes up.
[[0;32m  OK  [0m] Started Terminate Plymouth Boot Screen.
[[0;32m  OK  [0m] Started Getty on tty1.
[[0;32m  OK  [0m] Started Serial Getty on ttyS0.
[[0;32m  OK  [0m] Reached target Login Prompts.
         Starting Set console scheme...
[[0;32m  OK  [0m] Started Pollinate to seed the pseudo random number generator.
[[0;32m  OK  [0m] Started Set console scheme.
         Starting OpenBSD Secure Shell server...
[[0;32m  OK  [0m] Started LSB: VirtualBox Linux Additions.
[[0;32m  OK  [0m] Started OpenBSD Secure Shell server.
[[0;32m  OK  [0m] Reached target Multi-User System.
[[0;32m  OK  [0m] Reached target Graphical Interface.
         Starting Update UTMP about System Runlevel Changes...
[[0;32m  OK  [0m] Started Update UTMP about System Runlevel Changes.
[   29.399796] cloud-init[1084]: Generating locales (this might take a while)...
[   32.280760] cloud-init[1084]:   en_US.UTF-8... done
[   32.306391] cloud-init[1084]: Generation complete.
         Stopping OpenBSD Secure Shell server...
[[0;32m  OK  [0m] Stopped OpenBSD Secure Shell server.
         Starting OpenBSD Secure Shell server...
[[0;32m  OK  [0m] Started OpenBSD Secure Shell server.
[[0;32m  OK  [0m] Created slice User Slice of ubuntu.
         Starting User Manager for UID 1000...
[[0;32m  OK  [0m] Started Session 1 of user ubuntu.
[[0;32m  OK  [0m] Started User Manager for UID 1000.
[   33.797018] cloud-init[1084]: Cloud-init v. 0.7.9 running 'modules:config' at Wed, 09 Aug 2017 14:33:34 +0000. Up 28.98 seconds.

Ubuntu 16.04.3 LTS ubuntu-xenial ttyS0

ubuntu-xenial login: ci-info: no authorized ssh keys fingerprints found for user ubuntu.
<14>Aug  9 14:33:41 ec2: 
<14>Aug  9 14:33:41 ec2: #############################################################
<14>Aug  9 14:33:41 ec2: -----BEGIN SSH HOST KEY FINGERPRINTS-----
<14>Aug  9 14:33:41 ec2: 1024 SHA256:xrAcFQZFLuVwyY3TWSSRK8Ma4iMqPFHAtOht6Ig8rx0 root@ubuntu-xenial (DSA)
<14>Aug  9 14:33:41 ec2: 256 SHA256:kVgrIVIbNpAK9edvp/KIYdtR9cU9CPUoKq/FiYsvgZk root@ubuntu-xenial (ECDSA)
<14>Aug  9 14:33:41 ec2: 256 SHA256:UC+LpoBOcuGcGSPimkwAOcKdapz2oYyP+1rHa0ZawJ8 root@ubuntu-xenial (ED25519)
<14>Aug  9 14:33:41 ec2: 2048 SHA256:K7nNrIsKfzo85/fxO0g9J1cbQJuizQmi9hXaJk7EacE root@ubuntu-xenial (RSA)
<14>Aug  9 14:33:41 ec2: -----END SSH HOST KEY FINGERPRINTS-----
<14>Aug  9 14:33:41 ec2: #############################################################
-----BEGIN SSH HOST KEY KEYS-----
ecdsa-sha2-nistp256 AAAAE2VjZHNhLXNoYTItbmlzdHAyNTYAAAAIbmlzdHAyNTYAAABBBLic5yVeUNKPkkWYYFn9TnBD3XfgD1ILKdRZMgIBGvSlsnnX44jZp8ODlOmVCAEjjFTk3a1PJm/gkH8nXv7Z+CU= root@ubuntu-xenial
ssh-ed25519 AAAAC3NzaC1lZDI1NTE5AAAAIA62WiGuQifdZ6omQ5fazDNoWbGAKwhnMuo9W98c+XR6 root@ubuntu-xenial
ssh-rsa AAAAB3NzaC1yc2EAAAADAQABAAABAQC/nTp9rreBoLe36ZBdvAPV610RteOalNyVbUX63eH1hlG0lCuZxVRnOGWEs7nFpMinAkqHE0p0f8cvJOErrSVT8ItPtx01mMGeNhTFrbZHNSVNAzSR4A1zCy0jzdjGMnbhm04jzrdaYh/8hCD+uD5TUv8WPxJaJa28qoa48JFFZljo7C5Gk3JtfT9Q7h8o+bdt8oVrWeXxVlaQ1noIgj9oXrpkvJBb7g6nWODXBPBIuzGT49UWJzfvV5Ndp8XswlZlU+L56MPVA7sf4w9Q+KE2wnB7fZjcxXZ/kkRxRlKJn0lI6Aw+PVSreA5CjCAOTZSuwCiLVrQ2kHluf9IqdfbH root@ubuntu-xenial
-----END SSH HOST KEY KEYS-----
[   36.172328] cloud-init[1406]: Cloud-init v. 0.7.9 running 'modules:final' at Wed, 09 Aug 2017 14:33:40 +0000. Up 35.55 seconds.
[   36.187685] cloud-init[1406]: ci-info: no authorized ssh keys fingerprints found for user ubuntu.
[   36.214816] cloud-init[1406]: Cloud-init v. 0.7.9 finished at Wed, 09 Aug 2017 14:33:41 +0000. Datasource DataSourceNoCloud [seed=/dev/sdb][dsmode=net].  Up 36.15 seconds
